TN:
SF:db.js
FNF:0
FNH:0
DA:1,3
DA:2,3
DA:4,3
DA:6,3
DA:13,3
LF:5
LH:5
BRF:0
BRH:0
end_of_record
TN:
SF:server.js
FN:20,(anonymous_0)
FNF:1
FNH:0
FNDA:0,(anonymous_0)
DA:1,2
DA:2,2
DA:3,2
DA:4,2
DA:6,2
DA:8,2
DA:9,2
DA:12,2
DA:15,2
DA:18,2
DA:19,2
DA:20,0
DA:21,0
DA:25,2
LF:14
LH:12
BRDA:18,0,0,2
BRDA:18,0,1,0
BRDA:19,1,0,0
BRDA:19,1,1,2
BRF:4
BRH:2
end_of_record
TN:
SF:controllers\studentController.js
FN:3,(anonymous_0)
FN:12,(anonymous_1)
FN:22,(anonymous_2)
FN:35,(anonymous_3)
FN:48,(anonymous_4)
FN:57,(anonymous_5)
FNF:6
FNH:6
FNDA:1,(anonymous_0)
FNDA:1,(anonymous_1)
FNDA:2,(anonymous_2)
FNDA:1,(anonymous_3)
FNDA:2,(anonymous_4)
FNDA:5,(anonymous_5)
DA:1,3
DA:3,3
DA:4,1
DA:5,1
DA:6,1
DA:8,0
DA:12,3
DA:13,1
DA:14,1
DA:15,1
DA:16,1
DA:18,0
DA:22,3
DA:23,2
DA:24,2
DA:25,2
DA:29,2
DA:31,0
DA:35,3
DA:36,1
DA:37,1
DA:38,1
DA:42,1
DA:44,0
DA:48,3
DA:49,2
DA:50,2
DA:51,2
DA:53,0
DA:57,3
DA:58,5
LF:31
LH:26
BRDA:15,0,0,0
BRDA:15,0,1,1
BRDA:58,1,0,5
BRDA:58,1,1,3
BRDA:58,1,2,2
BRF:5
BRH:4
end_of_record
TN:
SF:routes\studentRoutes.js
FNF:0
FNH:0
DA:1,2
DA:2,2
DA:9,2
DA:11,2
DA:12,2
DA:13,2
DA:14,2
DA:15,2
DA:17,2
LF:9
LH:9
BRF:0
BRH:0
end_of_record
